#
# There is insufficient memory for the Java Runtime Environment to continue.
# Native memory allocation (malloc) failed to allocate 1314416 bytes for Chunk::new
# Possible reasons:
#   The system is out of physical RAM or swap space
#   The process is running with CompressedOops enabled, and the Java Heap may be blocking the growth of the native heap
# Possible solutions:
#   Reduce memory load on the system
#   Increase physical memory or swap space
#   Check if swap backing store is full
#   Decrease Java heap size (-Xmx/-Xms)
#   Decrease number of Java threads
#   Decrease Java thread stack sizes (-Xss)
#   Set larger code cache with -XX:ReservedCodeCacheSize=
#   JVM is running with Unscaled Compressed Oops mode in which the Java heap is
#     placed in the first 4GB address space. The Java Heap base address is the
#     maximum limit for the native heap growth. Please use -XX:HeapBaseMinAddress
#     to set the Java Heap base and to place the Java Heap above 4GB virtual address.
# This output file may be truncated or incomplete.
#
#  Out of Memory Error (allocation.cpp:389), pid=4148, tid=0x0000000000001014
#
# JRE version: OpenJDK Runtime Environment (8.0_202-b03) (build 1.8.0_202-release-1483-b03)
# Java VM: OpenJDK 64-Bit Server VM (25.202-b03 mixed mode windows-amd64 compressed oops)
# Failed to write core dump. Minidumps are not enabled by default on client versions of Windows
#

---------------  T H R E A D  ---------------

Current thread (0x00000000581db000):  JavaThread "C2 CompilerThread0" daemon [_thread_in_native, id=4116, stack(0x0000000058910000,0x0000000058a10000)]

Stack: [0x0000000058910000,0x0000000058a10000]
[error occurred during error reporting (printing stack bounds), id 0xc0000005]

Native frames: (J=compiled Java code, j=interpreted, Vv=VM code, C=native code)


Current CompileTask:
C2:5258973 22471       4       com.android.ide.common.resources.NodeUtils::duplicateNode (315 bytes)


---------------  P R O C E S S  ---------------

Java Threads: ( => current thread )
  0x00000000597ab800 JavaThread "stdout" [_thread_in_native, id=9972, stack(0x0000000069340000,0x0000000069440000)]
  0x00000000597aa800 JavaThread "stderr" [_thread_in_native, id=13840, stack(0x00000000697b0000,0x00000000698b0000)]
  0x00000000597aa000 JavaThread "stdout" [_thread_in_native, id=8984, stack(0x0000000069580000,0x0000000069680000)]
  0x00000000597a9000 JavaThread "stderr" [_thread_in_native, id=9828, stack(0x0000000069440000,0x0000000069540000)]
  0x00000000597a8800 JavaThread "stdout" [_thread_in_native, id=3164, stack(0x00000000691e0000,0x00000000692e0000)]
  0x00000000594b5000 JavaThread "stderr" [_thread_in_native, id=8144, stack(0x0000000065e30000,0x0000000065f30000)]
  0x00000000594b0800 JavaThread "pool-40-thread-1" [_thread_blocked, id=12936, stack(0x0000000068e20000,0x0000000068f20000)]
  0x000000005e0a7000 JavaThread "WorkerExecutor Queue Thread 4" [_thread_blocked, id=13084, stack(0x0000000067580000,0x0000000067680000)]
  0x000000005e0a1000 JavaThread "WorkerExecutor Queue Thread 3" [_thread_in_native, id=13772, stack(0x00000000658a0000,0x00000000659a0000)]
  0x000000005e0a5800 JavaThread "WorkerExecutor Queue Thread 2" [_thread_blocked, id=7032, stack(0x0000000066ee0000,0x0000000066fe0000)]
  0x000000005e0a2800 JavaThread "WorkerExecutor Queue" [_thread_blocked, id=7420, stack(0x0000000066dd0000,0x0000000066ed0000)]
  0x000000005e0a3800 JavaThread "Cache worker for execution history cache (I:\Projects\.gradle\5.4.1\executionHistory)" [_thread_blocked, id=14184, stack(0x0000000061ad0000,0x0000000061bd0000)]
  0x0000000059f1a000 JavaThread "Execution worker for ':' Thread 3" [_thread_blocked, id=10304, stack(0x00000000663e0000,0x00000000664e0000)]
  0x0000000059f15000 JavaThread "Execution worker for ':' Thread 2" [_thread_blocked, id=7552, stack(0x0000000065a20000,0x0000000065b20000)]
  0x0000000059f1a800 JavaThread "Execution worker for ':'" [_thread_blocked, id=12216, stack(0x00000000625e0000,0x00000000626e0000)]
  0x0000000059f13800 JavaThread "Cache worker for file content cache (I:\Projects\.gradle\5.4.1\fileContent)" [_thread_blocked, id=6548, stack(0x000000005c050000,0x000000005c150000)]
  0x0000000059f16000 JavaThread "Cache worker for Build Output Cleanup Cache (I:\Projects\.gradle\buildOutputCleanup)" [_thread_blocked, id=6888, stack(0x0000000064b90000,0x0000000064c90000)]
  0x0000000059f17800 JavaThread "Build operations Thread 4" [_thread_blocked, id=14188, stack(0x000000005c4f0000,0x000000005c5f0000)]
  0x0000000059f11800 JavaThread "Build operations Thread 3" [_thread_blocked, id=11324, stack(0x000000005c810000,0x000000005c910000)]
  0x0000000059f14800 JavaThread "Build operations Thread 2" [_thread_blocked, id=3448, stack(0x00000000653b0000,0x00000000654b0000)]
  0x0000000059f12000 JavaThread "Build operations" [_thread_blocked, id=9360, stack(0x00000000652a0000,0x00000000653a0000)]
  0x000000005d772000 JavaThread "Cache worker for cache directory md-rule (C:\Users\Administrator\.gradle\caches\5.4.1\md-rule)" [_thread_blocked, id=7488, stack(0x0000000064ef0000,0x0000000064ff0000)]
  0x000000005d76f000 JavaThread "Cache worker for cache directory md-supplier (C:\Users\Administrator\.gradle\caches\5.4.1\md-supplier)" [_thread_blocked, id=11080, stack(0x0000000063b80000,0x0000000063c80000)]
  0x000000005d770800 JavaThread "Cache worker for file hash cache (I:\Projects\.gradle\5.4.1\fileHashes)" [_thread_blocked, id=11452, stack(0x000000005e290000,0x000000005e390000)]
  0x000000005d76c800 JavaThread "Thread-374" [_thread_blocked, id=13448, stack(0x000000005fac0000,0x000000005fbc0000)]
  0x000000005d76c000 JavaThread "Stdin handler" [_thread_blocked, id=13748, stack(0x000000005d1b0000,0x000000005d2b0000)]
  0x000000005d76f800 JavaThread "Asynchronous log dispatcher for DefaultDaemonConnection: socket connection from /127.0.0.1:51848 to /127.0.0.1:49437" [_thread_blocked, id=12836, stack(0x000000005f6d0000,0x000000005f7d0000)]
  0x000000005d771000 JavaThread "Cancel handler" [_thread_blocked, id=1044, stack(0x000000005ca80000,0x000000005cb80000)]
  0x000000005d76e000 JavaThread "Handler for socket connection from /127.0.0.1:51848 to /127.0.0.1:49437" [_thread_in_native, id=14000, stack(0x000000005c940000,0x000000005ca40000)]
  0x00000000594af800 JavaThread "MarlinRenderer Disposer" daemon [_thread_blocked, id=6116, stack(0x0000000068ff0000,0x00000000690f0000)]
  0x00000000594b2000 JavaThread "Java2D Disposer" daemon [_thread_blocked, id=13124, stack(0x0000000068cd0000,0x0000000068dd0000)]
  0x000000005e0a5000 JavaThread "Daemon worker Thread 9" [_thread_blocked, id=12508, stack(0x000000005c3b0000,0x000000005c4b0000)]
  0x000000005e0a6800 JavaThread "Daemon Thread 9" [_thread_blocked, id=11008, stack(0x000000005bf50000,0x000000005c050000)]
  0x00000000594b5800 JavaThread "Cache worker for Java compile cache (C:\Users\Administrator\.gradle\caches\5.4.1\javaCompile)" [_thread_blocked, id=11876, stack(0x0000000065590000,0x0000000065690000)]
  0x00000000594b1000 JavaThread "Cache worker for file content cache (C:\Users\Administrator\.gradle\caches\5.4.1\fileContent)" [_thread_blocked, id=9540, stack(0x0000000064a20000,0x0000000064b20000)]
  0x0000000059f19000 JavaThread "Memory manager" [_thread_blocked, id=2896, stack(0x00000000644e0000,0x00000000645e0000)]
  0x0000000059f13000 JavaThread "Cache worker for execution history cache (C:\Users\Administrator\.gradle\caches\5.4.1\executionHistory)" [_thread_blocked, id=10044, stack(0x00000000619c0000,0x0000000061ac0000)]
  0x0000000059f0c000 JavaThread "Cache worker for journal cache (C:\Users\Administrator\.gradle\caches\journal-1)" [_thread_blocked, id=11340, stack(0x000000005ce50000,0x000000005cf50000)]
  0x0000000059f0b800 JavaThread "File lock request listener" [_thread_in_native, id=12196, stack(0x000000005cd30000,0x000000005ce30000)]
  0x0000000059c51800 JavaThread "Cache worker for file hash cache (C:\Users\Administrator\.gradle\caches\5.4.1\fileHashes)" [_thread_blocked, id=7260, stack(0x000000005cbb0000,0x000000005ccb0000)]
  0x0000000059120000 JavaThread "Daemon periodic checks" [_thread_blocked, id=10292, stack(0x0000000058b30000,0x0000000058c30000)]
  0x0000000059ad3800 JavaThread "Incoming local TCP Connector on port 51848" [_thread_in_native, id=3904, stack(0x000000005ab70000,0x000000005ac70000)]
  0x000000005b17d000 JavaThread "Daemon health stats" [_thread_blocked, id=6028, stack(0x000000005a810000,0x000000005a910000)]
  0x0000000058250000 JavaThread "Service Thread" daemon [_thread_blocked, id=7640, stack(0x0000000058cf0000,0x0000000058df0000)]
  0x0000000058246000 JavaThread "C1 CompilerThread2" daemon [_thread_blocked, id=5284, stack(0x00000000587d0000,0x00000000588d0000)]
  0x00000000581f4800 JavaThread "C2 CompilerThread1" daemon [_thread_in_native, id=10172, stack(0x0000000058a20000,0x0000000058b20000)]
=>0x00000000581db000 JavaThread "C2 CompilerThread0" daemon [_thread_in_native, id=4116, stack(0x0000000058910000,0x0000000058a10000)]
  0x00000000581d9800 JavaThread "Attach Listener" daemon [_thread_blocked, id=2324, stack(0x0000000058660000,0x0000000058760000)]
  0x00000000581d8800 JavaThread "Signal Dispatcher" daemon [_thread_blocked, id=8292, stack(0x0000000057e30000,0x0000000057f30000)]
  0x000000000746a000 JavaThread "Finalizer" daemon [_thread_blocked, id=9896, stack(0x00000000580d0000,0x00000000581d0000)]
  0x0000000007463000 JavaThread "Reference Handler" daemon [_thread_blocked, id=6780, stack(0x0000000057f60000,0x0000000058060000)]
  0x0000000001e1e000 JavaThread "main" [_thread_blocked, id=10132, stack(0x00000000025e0000,0x00000000026e0000)]

Other Threads:
  0x0000000007419800 VMThread [stack: 0x0000000057cb0000,0x0000000057db0000] [id=7936]
  0x000000005824a000 WatcherThread [stack: 0x0000000058e80000,0x0000000058f80000] [id=5084]

VM state:not at safepoint (normal execution)

VM Mutex/Monitor currently owned by a thread: None

heap address: 0x00000000a0000000, size: 1536 MB, Compressed Oops mode: 32-bit
Narrow klass base: 0x0000000000000000, Narrow klass shift: 0
Compressed class space size: 1073741824 Address: 0x0000000017510000

Heap:
 PSYoungGen      total 482816K, used 325213K [0x00000000e0000000, 0x00000000fff80000, 0x0000000100000000)
  eden space 445952K, 70% used [0x00000000e0000000,0x00000000f330b6c8,0x00000000fb380000)
  from space 36864K, 29% used [0x00000000fb380000,0x00000000fbe0c020,0x00000000fd780000)
  to   space 35328K, 0% used [0x00000000fdd00000,0x00000000fdd00000,0x00000000fff80000)
 ParOldGen       total 146432K, used 49230K [0x00000000a0000000, 0x00000000a8f00000, 0x00000000e0000000)
  object space 146432K, 33% used [0x00000000a0000000,0x00000000a3013898,0x00000000a8f00000)
 Metaspace       used 95048K, capacity 101317K, committed 101336K, reserved 1136640K
  class space    used 12229K, capacity 13296K, committed 13312K, reserved 1048576K

Card table byte_map: [0x0000000002aa0000,0x0000000002db0000] byte_map_base: 0x00000000025a0000

Marking Bits: (ParMarkBitMap*) 0x0000000008489f30
 Begin Bits: [0x0000000003790000, 0x0000000004f90000)
 End Bits:   [0x0000000004f90000, 0x0000000006790000)

Polling page: 0x0000000000130000

CodeCache: size=245760Kb used=59316Kb max_used=59327Kb free=186443Kb
 bounds [0x0000000008510000, 0x000000000bf60000, 0x0000000017510000]
 total_blobs=18319 nmethods=17344 adapters=884
 compilation: enabled

Compilation events (10 events):
Event: 5258.250 Thread 0x00000000581f4800 nmethod 22455 0x000000000bf34e90 code [0x000000000bf35000, 0x000000000bf352d8]
Event: 5258.250 Thread 0x00000000581f4800 22393 %     4       sun.java2d.marlin.MarlinTileGenerator::getAlphaNoRLE @ 280 (401 bytes)
Event: 5258.258 Thread 0x00000000581f4800 nmethod 22393% 0x000000000bf2fe50 code [0x000000000bf2ffe0, 0x000000000bf308c8]
Event: 5258.258 Thread 0x00000000581f4800 22396 %     4       sun.java2d.marlin.MarlinTileGenerator::getAlphaRLE @ 1404 (1781 bytes)
Event: 5258.281 Thread 0x00000000581f4800 nmethod 22396% 0x000000000bf58a90 code [0x000000000bf58c40, 0x000000000bf5a248]
Event: 5258.281 Thread 0x00000000581f4800 22372       4       com.sun.imageio.plugins.png.PNGImageWriter::encodePass (1063 bytes)
Event: 5258.357 Thread 0x0000000058246000 22489       3       org.gradle.workers.internal.DefaultWorkerExecutor$LazyChildWorkerLeaseLock::tryLock (34 bytes)
Event: 5258.357 Thread 0x0000000058246000 nmethod 22489 0x000000000bf34390 code [0x000000000bf34540, 0x000000000bf34b58]
Event: 5258.358 Thread 0x0000000058246000 22490       3       com.sun.jmx.mbeanserver.Util::newSet (8 bytes)
Event: 5258.358 Thread 0x0000000058246000 nmethod 22490 0x000000000bf36250 code [0x000000000bf363e0, 0x000000000bf36870]

GC Heap History (10 events):
Event: 1077.013 GC heap before
{Heap before GC invocations=15 (full 4):
 PSYoungGen      total 481280K, used 8321K [0x00000000e0000000, 0x0000000100000000, 0x0000000100000000)
  eden space 438272K, 0% used [0x00000000e0000000,0x00000000e0000000,0x00000000fac00000)
  from space 43008K, 19% used [0x00000000fac00000,0x00000000fb4204a8,0x00000000fd600000)
  to   space 41984K, 0% used [0x00000000fd700000,0x00000000fd700000,0x0000000100000000)
 ParOldGen       total 100864K, used 84247K [0x00000000a0000000, 0x00000000a6280000, 0x00000000e0000000)
  object space 100864K, 83% used [0x00000000a0000000,0x00000000a5245f28,0x00000000a6280000)
 Metaspace       used 85133K, capacity 88877K, committed 88920K, reserved 1126400K
  class space    used 11148K, capacity 11900K, committed 11904K, reserved 1048576K
Event: 1077.151 GC heap after
Heap after GC invocations=15 (full 4):
 PSYoungGen      total 481280K, used 0K [0x00000000e0000000, 0x0000000100000000, 0x0000000100000000)
  eden space 438272K, 0% used [0x00000000e0000000,0x00000000e0000000,0x00000000fac00000)
  from space 43008K, 0% used [0x00000000fac00000,0x00000000fac00000,0x00000000fd600000)
  to   space 41984K, 0% used [0x00000000fd700000,0x00000000fd700000,0x0000000100000000)
 ParOldGen       total 146432K, used 48091K [0x00000000a0000000, 0x00000000a8f00000, 0x00000000e0000000)
  object space 146432K, 32% used [0x00000000a0000000,0x00000000a2ef6cc0,0x00000000a8f00000)
 Metaspace       used 84985K, capacity 88469K, committed 88920K, reserved 1126400K
  class space    used 11096K, capacity 11810K, committed 11904K, reserved 1048576K
}
Event: 1972.651 GC heap before
{Heap before GC invocations=16 (full 4):
 PSYoungGen      total 481280K, used 438272K [0x00000000e0000000, 0x0000000100000000, 0x0000000100000000)
  eden space 438272K, 100% used [0x00000000e0000000,0x00000000fac00000,0x00000000fac00000)
  from space 43008K, 0% used [0x00000000fac00000,0x00000000fac00000,0x00000000fd600000)
  to   space 41984K, 0% used [0x00000000fd700000,0x00000000fd700000,0x0000000100000000)
 ParOldGen       total 146432K, used 48091K [0x00000000a0000000, 0x00000000a8f00000, 0x00000000e0000000)
  object space 146432K, 32% used [0x00000000a0000000,0x00000000a2ef6cc0,0x00000000a8f00000)
 Metaspace       used 86157K, capacity 90051K, committed 90328K, reserved 1128448K
  class space    used 11165K, capacity 11933K, committed 12032K, reserved 1048576K
Event: 1972.674 GC heap after
Heap after GC invocations=16 (full 4):
 PSYoungGen      total 475136K, used 15857K [0x00000000e0000000, 0x00000000ffa00000, 0x0000000100000000)
  eden space 439296K, 0% used [0x00000000e0000000,0x00000000e0000000,0x00000000fad00000)
  from space 35840K, 44% used [0x00000000fd700000,0x00000000fe67c4b8,0x00000000ffa00000)
  to   space 39424K, 0% used [0x00000000fad00000,0x00000000fad00000,0x00000000fd380000)
 ParOldGen       total 146432K, used 48099K [0x00000000a0000000, 0x00000000a8f00000, 0x00000000e0000000)
  object space 146432K, 32% used [0x00000000a0000000,0x00000000a2ef8cc0,0x00000000a8f00000)
 Metaspace       used 86157K, capacity 90051K, committed 90328K, reserved 1128448K
  class space    used 11165K, capacity 11933K, committed 12032K, reserved 1048576K
}
Event: 2798.647 GC heap before
{Heap before GC invocations=17 (full 4):
 PSYoungGen      total 475136K, used 455153K [0x00000000e0000000, 0x00000000ffa00000, 0x0000000100000000)
  eden space 439296K, 100% used [0x00000000e0000000,0x00000000fad00000,0x00000000fad00000)
  from space 35840K, 44% used [0x00000000fd700000,0x00000000fe67c4b8,0x00000000ffa00000)
  to   space 39424K, 0% used [0x00000000fad00000,0x00000000fad00000,0x00000000fd380000)
 ParOldGen       total 146432K, used 48099K [0x00000000a0000000, 0x00000000a8f00000, 0x00000000e0000000)
  object space 146432K, 32% used [0x00000000a0000000,0x00000000a2ef8cc0,0x00000000a8f00000)
 Metaspace       used 86999K, capacity 91373K, committed 91480K, reserved 1128448K
  class space    used 11248K, capacity 12064K, committed 12160K, reserved 1048576K
Event: 2798.660 GC heap after
Heap after GC invocations=17 (full 4):
 PSYoungGen      total 478720K, used 8049K [0x00000000e0000000, 0x0000000100000000, 0x0000000100000000)
  eden space 439296K, 0% used [0x00000000e0000000,0x00000000e0000000,0x00000000fad00000)
  from space 39424K, 20% used [0x00000000fad00000,0x00000000fb4dc4a8,0x00000000fd380000)
  to   space 38912K, 0% used [0x00000000fda00000,0x00000000fda00000,0x0000000100000000)
 ParOldGen       total 146432K, used 49214K [0x00000000a0000000, 0x00000000a8f00000, 0x00000000e0000000)
  object space 146432K, 33% used [0x00000000a0000000,0x00000000a300f898,0x00000000a8f00000)
 Metaspace       used 86999K, capacity 91373K, committed 91480K, reserved 1128448K
  class space    used 11248K, capacity 12064K, committed 12160K, reserved 1048576K
}
Event: 3105.341 GC heap before
{Heap before GC invocations=18 (full 4):
 PSYoungGen      total 478720K, used 447345K [0x00000000e0000000, 0x0000000100000000, 0x0000000100000000)
  eden space 439296K, 100% used [0x00000000e0000000,0x00000000fad00000,0x00000000fad00000)
  from space 39424K, 20% used [0x00000000fad00000,0x00000000fb4dc4a8,0x00000000fd380000)
  to   space 38912K, 0% used [0x00000000fda00000,0x00000000fda00000,0x0000000100000000)
 ParOldGen       total 146432K, used 49214K [0x00000000a0000000, 0x00000000a8f00000, 0x00000000e0000000)
  object space 146432K, 33% used [0x00000000a0000000,0x00000000a300f898,0x00000000a8f00000)
 Metaspace       used 90327K, capacity 95373K, committed 95576K, reserved 1132544K
  class space    used 11693K, capacity 12636K, committed 12672K, reserved 1048576K
Event: 3105.374 GC heap after
Heap after GC invocations=18 (full 4):
 PSYoungGen      total 480256K, used 15150K [0x00000000e0000000, 0x00000000ffb80000, 0x0000000100000000)
  eden space 445952K, 0% used [0x00000000e0000000,0x00000000e0000000,0x00000000fb380000)
  from space 34304K, 44% used [0x00000000fda00000,0x00000000fe8cb808,0x00000000ffb80000)
  to   space 36864K, 0% used [0x00000000fb380000,0x00000000fb380000,0x00000000fd780000)
 ParOldGen       total 146432K, used 49222K [0x00000000a0000000, 0x00000000a8f00000, 0x00000000e0000000)
  object space 146432K, 33% used [0x00000000a0000000,0x00000000a3011898,0x00000000a8f00000)
 Metaspace       used 90327K, capacity 95373K, committed 95576K, reserved 1132544K
  class space    used 11693K, capacity 12636K, committed 12672K, reserved 1048576K
}
Event: 5216.937 GC heap before
{Heap before GC invocations=19 (full 4):
 PSYoungGen      total 480256K, used 461102K [0x00000000e0000000, 0x00000000ffb80000, 0x0000000100000000)
  eden space 445952K, 100% used [0x00000000e0000000,0x00000000fb380000,0x00000000fb380000)
  from space 34304K, 44% used [0x00000000fda00000,0x00000000fe8cb808,0x00000000ffb80000)
  to   space 36864K, 0% used [0x00000000fb380000,0x00000000fb380000,0x00000000fd780000)
 ParOldGen       total 146432K, used 49222K [0x00000000a0000000, 0x00000000a8f00000, 0x00000000e0000000)
  object space 146432K, 33% used [0x00000000a0000000,0x00000000a3011898,0x00000000a8f00000)
 Metaspace       used 93828K, capacity 98889K, committed 99032K, reserved 1134592K
  class space    used 12036K, capacity 12964K, committed 13056K, reserved 1048576K
Event: 5216.955 GC heap after
Heap after GC invocations=19 (full 4):
 PSYoungGen      total 482816K, used 10800K [0x00000000e0000000, 0x00000000fff80000, 0x0000000100000000)
  eden space 445952K, 0% used [0x00000000e0000000,0x00000000e0000000,0x00000000fb380000)
  from space 36864K, 29% used [0x00000000fb380000,0x00000000fbe0c020,0x00000000fd780000)
  to   space 35328K, 0% used [0x00000000fdd00000,0x00000000fdd00000,0x00000000fff80000)
 ParOldGen       total 146432K, used 49230K [0x00000000a0000000, 0x00000000a8f00000, 0x00000000e0000000)
  object space 146432K, 33% used [0x00000000a0000000,0x00000000a3013898,0x00000000a8f00000)
 Metaspace       used 93828K, capacity 98889K, committed 99032K, reserved 1134592K
  class space    used 12036K, capacity 12964K, committed 13056K, reserved 1048576K
}

Deoptimization events (10 events):
Event: 5251.208 Thread 0x0000000059f16000 Uncommon trap: reason=unstable_if action=reinterpret pc=0x000000000b300000 method=org.gradle.execution.plan.DefaultExecutionPlan.resolveMutations(Lorg/gradle/execution/plan/DefaultExecutionPlan$MutationInfo;Lorg/gradle/execution/plan/Node;)V @ 135
Event: 5251.212 Thread 0x0000000059f16000 Uncommon trap: reason=unstable_if action=reinterpret pc=0x000000000acfaf20 method=org.gradle.execution.plan.DefaultExecutionPlan.doesDestroyNotYetConsumedOutputOfAnotherNode(Lorg/gradle/execution/plan/Node;Ljava/util/Set;)Z @ 6
Event: 5251.253 Thread 0x0000000059f16000 Uncommon trap: reason=unstable_if action=reinterpret pc=0x000000000a2a09f0 method=org.gradle.execution.plan.DefaultExecutionPlan.doesDestroyNotYetConsumedOutputOfAnotherNode(Lorg/gradle/execution/plan/Node;Ljava/util/Set;)Z @ 6
Event: 5251.260 Thread 0x0000000059f16000 Uncommon trap: reason=unstable_if action=reinterpret pc=0x00000000087a09cc method=java.io.WinNTFileSystem.resolve(Ljava/lang/String;Ljava/lang/String;)Ljava/lang/String; @ 36
Event: 5257.290 Thread 0x000000005e0a2800 Uncommon trap: reason=bimorphic action=maybe_recompile pc=0x0000000009b04c40 method=com.google.gson.stream.JsonWriter.open(ILjava/lang/String;)Lcom/google/gson/stream/JsonWriter; @ 14
Event: 5257.290 Thread 0x000000005e0a2800 Uncommon trap: reason=bimorphic action=maybe_recompile pc=0x0000000008d74a98 method=com.google.gson.stream.JsonWriter.close(IILjava/lang/String;)Lcom/google/gson/stream/JsonWriter; @ 90
Event: 5257.820 Thread 0x0000000059f1a000 Uncommon trap: reason=unstable_if action=reinterpret pc=0x000000000a2c36a4 method=com.android.utils.PositionXmlParser$DomBuilder.findOpeningTag(Lcom/android/utils/PositionXmlParser$Position;)Lcom/android/utils/PositionXmlParser$Position; @ 81
Event: 5257.853 Thread 0x000000005e0a1000 Uncommon trap: reason=unstable_if action=reinterpret pc=0x000000000bdd3514 method=com.sun.imageio.plugins.png.PNGImageWriter.encodePass(Ljavax/imageio/stream/ImageOutputStream;Ljava/awt/image/RenderedImage;IIII)V @ 303
Event: 5258.075 Thread 0x0000000059f1a000 Uncommon trap: reason=class_check action=maybe_recompile pc=0x000000000be02fcc method=com.android.ide.common.resources.NodeUtils.duplicateNode(Lorg/w3c/dom/Document;Lorg/w3c/dom/Node;)Lorg/w3c/dom/Node; @ 11
Event: 5258.076 Thread 0x0000000059f1a000 Uncommon trap: reason=class_check action=maybe_recompile pc=0x000000000be02fcc method=com.android.ide.common.resources.NodeUtils.duplicateNode(Lorg/w3c/dom/Document;Lorg/w3c/dom/Node;)Lorg/w3c/dom/Node; @ 11

Classes redefined (0 events):
No events

Internal exceptions (10 events):
Event: 5168.606 Thread 0x000000005e0a5000 Exception <a 'sun/nio/fs/WindowsException'> (0x00000000f88d92d8) thrown at [D:\src\AOSP-openjdk-cygwin\jdk8u\hotspot\src\share\vm\prims\jni.cpp, line 710]
Event: 5218.671 Thread 0x00000000594b5000 Exception <a 'java/io/IOException'> (0x00000000e47bc678) thrown at [D:\src\AOSP-openjdk-cygwin\jdk8u\hotspot\src\share\vm\prims\jni.cpp, line 710]
Event: 5218.688 Thread 0x000000005e0a5000 Exception <a 'sun/nio/fs/WindowsException'> (0x00000000e4af89e0) thrown at [D:\src\AOSP-openjdk-cygwin\jdk8u\hotspot\src\share\vm\prims\jni.cpp, line 710]
Event: 5251.221 Thread 0x000000005d76c800 Exception <a 'java/lang/NoSuchMethodError': <clinit>> (0x00000000e64559f8) thrown at [D:\src\AOSP-openjdk-cygwin\jdk8u\hotspot\src\share\vm\prims\jni.cpp, line 1614]
Event: 5252.501 Thread 0x000000005e0a5000 Exception <a 'sun/nio/fs/WindowsException'> (0x00000000e77e2c98) thrown at [D:\src\AOSP-openjdk-cygwin\jdk8u\hotspot\src\share\vm\prims\jni.cpp, line 710]
Event: 5257.235 Thread 0x0000000059f1a000 Exception <a 'java/lang/NoSuchMethodError': <clinit>> (0x00000000ea5e8208) thrown at [D:\src\AOSP-openjdk-cygwin\jdk8u\hotspot\src\share\vm\prims\jni.cpp, line 1614]
Event: 5257.235 Thread 0x0000000059f1a000 Exception <a 'java/lang/NoSuchMethodError': <clinit>> (0x00000000ea5faaa0) thrown at [D:\src\AOSP-openjdk-cygwin\jdk8u\hotspot\src\share\vm\prims\jni.cpp, line 1614]
Event: 5257.263 Thread 0x0000000059f15000 Exception <a 'sun/nio/fs/WindowsException'> (0x00000000eab2a210) thrown at [D:\src\AOSP-openjdk-cygwin\jdk8u\hotspot\src\share\vm\prims\jni.cpp, line 710]
Event: 5257.290 Thread 0x000000005e0a2800 Exception <a 'sun/nio/fs/WindowsException'> (0x00000000ea85cb00) thrown at [D:\src\AOSP-openjdk-cygwin\jdk8u\hotspot\src\share\vm\prims\jni.cpp, line 710]
Event: 5258.357 Thread 0x000000005e0a1000 Exception <a 'java/io/IOException'> (0x00000000f2e9d180) thrown at [D:\src\AOSP-openjdk-cygwin\jdk8u\hotspot\src\share\vm\prims\jni.cpp, line 710]

Events (10 events):
Event: 5258.356 Executing VM operation: BulkRevokeBias
Event: 5258.356 Executing VM operation: BulkRevokeBias done
Event: 5258.356 Thread 0x00000000597ac000 Thread exited: 0x00000000597ac000
Event: 5258.391 Thread 0x00000000597ac000 Thread added: 0x00000000597ac000
Event: 5258.391 Thread 0x00000000597ad000 Thread added: 0x00000000597ad000
Event: 5258.396 Executing VM operation: RevokeBias
Event: 5258.397 Executing VM operation: RevokeBias done
Event: 5258.397 Executing VM operation: RevokeBias
Event: 5258.397 Executing VM operation: RevokeBias done
Event: 5258.397 Executing VM operation: RevokeBias


Dynamic libraries:
0x000000013ffd0000 - 0x0000000140001000 	I:\Android\jre\bin\java.exe
0x0000000077a60000 - 0x0000000077bff000 	C:\windows\SYSTEM32\ntdll.dll
0x0000000077940000 - 0x0000000077a5f000 	C:\windows\system32\kernel32.dll
0x000007fefd680000 - 0x000007fefd6ea000 	C:\windows\system32\KERNELBASE.dll
0x000007fefed40000 - 0x000007fefee1b000 	C:\windows\system32\ADVAPI32.dll
0x000007fefeb00000 - 0x000007fefeb9f000 	C:\windows\system32\msvcrt.dll
0x000007fefed20000 - 0x000007fefed3f000 	C:\windows\SYSTEM32\sechost.dll
0x000007fefefc0000 - 0x000007feff0ed000 	C:\windows\system32\RPCRT4.dll
0x0000000077840000 - 0x000000007793a000 	C:\windows\system32\USER32.dll
0x000007fefecb0000 - 0x000007fefed17000 	C:\windows\system32\GDI32.dll
0x000007fefdc40000 - 0x000007fefdc4e000 	C:\windows\system32\LPK.dll
0x000007feff0f0000 - 0x000007feff1bb000 	C:\windows\system32\USP10.dll
0x000007fefc010000 - 0x000007fefc204000 	C:\windows\WinSxS\amd64_microsoft.windows.common-controls_6595b64144ccf1df_6.0.7601.18837_none_fa3b1e3d17594757\COMCTL32.dll
0x000007fefea80000 - 0x000007fefeaf1000 	C:\windows\system32\SHLWAPI.dll
0x000007fefee80000 - 0x000007fefeeae000 	C:\windows\system32\IMM32.DLL
0x000007fefeeb0000 - 0x000007fefefb9000 	C:\windows\system32\MSCTF.dll
0x000000005add0000 - 0x000000005aea2000 	I:\Android\jre\jre\bin\msvcr100.dll
0x0000000007cc0000 - 0x0000000008506000 	I:\Android\jre\jre\bin\server\jvm.dll
0x000007fefbc00000 - 0x000007fefbc09000 	C:\windows\system32\WSOCK32.dll
0x000007fefeba0000 - 0x000007fefebed000 	C:\windows\system32\WS2_32.dll
0x000007feffac0000 - 0x000007feffac8000 	C:\windows\system32\NSI.dll
0x000007fef7490000 - 0x000007fef74cb000 	C:\windows\system32\WINMM.dll
0x000007fefc6a0000 - 0x000007fefc6ac000 	C:\windows\system32\VERSION.dll
0x0000000077c10000 - 0x0000000077c17000 	C:\windows\system32\PSAPI.DLL
0x000007fef38c0000 - 0x000007fef38cf000 	I:\Android\jre\jre\bin\verify.dll
0x000007fef3380000 - 0x000007fef33a9000 	I:\Android\jre\jre\bin\java.dll
0x000007fef3880000 - 0x000007fef3896000 	I:\Android\jre\jre\bin\zip.dll
0x000007fefdc50000 - 0x000007fefe9da000 	C:\windows\system32\SHELL32.dll
0x000007feffad0000 - 0x000007feffccd000 	C:\windows\system32\ole32.dll
0x000007fefd5b0000 - 0x000007fefd5bf000 	C:\windows\system32\profapi.dll
0x000007fef3360000 - 0x000007fef337a000 	I:\Android\jre\jre\bin\net.dll
0x000007fefcd00000 - 0x000007fefcd55000 	C:\windows\system32\mswsock.dll
0x000007fefccf0000 - 0x000007fefccf7000 	C:\windows\System32\wship6.dll
0x000007fef3340000 - 0x000007fef3351000 	I:\Android\jre\jre\bin\nio.dll
0x000007feef160000 - 0x000007feef186000 	C:\Users\Administrator\.gradle\native\29\windows-amd64\native-platform.dll
0x000007fef8a70000 - 0x000007fef8a73000 	C:\windows\system32\api-ms-win-core-synch-l1-2-0.DLL
0x000007fefa500000 - 0x000007fefa50d000 	I:\Android\jre\jre\bin\management.dll
0x000007fefcd60000 - 0x000007fefcd78000 	C:\windows\system32\CRYPTSP.dll
0x000007fefca60000 - 0x000007fefcaa7000 	C:\windows\system32\rsaenh.dll
0x000007fefd720000 - 0x000007fefd73e000 	C:\windows\system32\USERENV.dll
0x000007fefd450000 - 0x000007fefd45f000 	C:\windows\system32\CRYPTBASE.dll
0x000007fefaf80000 - 0x000007fefafa7000 	C:\windows\system32\IPHLPAPI.DLL
0x000007fefaf70000 - 0x000007fefaf7b000 	C:\windows\system32\WINNSI.DLL
0x000007fefada0000 - 0x000007fefadb1000 	C:\windows\system32\dhcpcsvc6.DLL
0x000007fefad80000 - 0x000007fefad98000 	C:\windows\system32\dhcpcsvc.DLL
0x000007fefd3f0000 - 0x000007fefd447000 	C:\windows\system32\apphelp.dll
0x000007fef0bf0000 - 0x000007fef0d8c000 	I:\Android\jre\jre\bin\awt.dll
0x000007fefb790000 - 0x000007fefb7a8000 	C:\windows\system32\dwmapi.dll
0x000007feff3a0000 - 0x000007feff47a000 	C:\windows\system32\OLEAUT32.dll
0x000007feee5b0000 - 0x000007feee974000 	C:\windows\system32\d2d1.dll

VM Arguments:
jvm_args: -Xmx1536m -Dfile.encoding=GBK -Duser.country=CN -Duser.language=zh -Duser.variant 
java_command: org.gradle.launcher.daemon.bootstrap.GradleDaemon 5.4.1
java_class_path (initial): C:\Users\Administrator\.gradle\wrapper\dists\gradle-5.4.1-all\3221gyojl5jsh0helicew7rwx\gradle-5.4.1\lib\gradle-launcher-5.4.1.jar
Launcher Type: SUN_STANDARD

Environment Variables:
JAVA_HOME=I:\Android\jre
PATH=C:\windows\system32;C:\windows;C:\windows\System32\Wbem;C:\windows\System32\WindowsPowerShell\v1.0\;I:\Sdk\platform-tools\;I:\Android\jre\bin;
USERNAME=Administrator
OS=Windows_NT
PROCESSOR_IDENTIFIER=Intel64 Family 6 Model 158 Stepping 9, GenuineIntel



---------------  S Y S T E M  ---------------

OS: Windows 7 , 64 bit Build 7601 (6.1.7601.24335)

CPU:total 4 (initial active 4) (4 cores per cpu, 1 threads per core) family 6 model 158 stepping 9, cmov, cx8, fxsr, mmx, sse, sse2, sse3, ssse3, sse4.1, sse4.2, popcnt, avx, avx2, aes, clmul, erms, rtm, 3dnowpref, lzcnt, tsc, tscinvbit, bmi1, bmi2, adx

Memory: 4k page, physical 8277140k(435720k free), swap 9323812k(3820k free)

vm_info: OpenJDK 64-Bit Server VM (25.202-b03) for windows-amd64 JRE (1.8.0_202-release-1483-b03), built by "builder" with MS VC++ 10.0 (VS2010)

time: Thu Feb 13 16:18:29 2020
timezone: 中国标准时间
elapsed time: 5258 seconds (0d 1h 27m 38s)

